<?xml version="1.0" encoding="UTF-8"?>
<!-- Generated by org.testng.reporters.JUnitReportReporter -->
<testsuite hostname="Abdou-PC" name="com.selenium.testCasesMethods.TestCasesHardAssert" tests="3" failures="0" timestamp="12 Jun 2020 14:57:01 GMT" time="32.870" errors="0">
  <testcase name="getUrlTest" time="9.326" classname="com.selenium.testCasesMethods.TestCasesHardAssert"/>
  <testcase name="checkButtonTest" time="11.520" classname="com.selenium.testCasesMethods.TestCasesHardAssert"/>
  <testcase name="loginTest" time="12.024" classname="com.selenium.testCasesMethods.TestCasesHardAssert"/>
</testsuite> <!-- com.selenium.testCasesMethods.TestCasesHardAssert -->
