<?xml version="1.0" encoding="UTF-8"?>
<!-- Generated by org.testng.reporters.JUnitReportReporter -->
<testsuite hostname="Abdou-PC" name="com.selenium.test.cases.ExtentDemo2" tests="2" failures="0" timestamp="11 Jun 2020 23:43:05 GMT" time="34.660" errors="0">
  <testcase name="getTitle" time="0.370" classname="com.selenium.test.cases.ExtentDemo2"/>
  <testcase name="loginTest" time="34.290" classname="com.selenium.test.cases.ExtentDemo2"/>
</testsuite> <!-- com.selenium.test.cases.ExtentDemo2 -->
