<?xml version="1.0" encoding="UTF-8"?>
<!-- Generated by org.testng.reporters.JUnitReportReporter -->
<testsuite hostname="Abdou-PC" name="com.selenium.test.cases.ExtentDemo" tests="1" failures="0" timestamp="11 Jun 2020 11:35:26 GMT" time="13.518" errors="0">
  <testcase name="loginTest" time="13.518" classname="com.selenium.test.cases.ExtentDemo"/>
</testsuite> <!-- com.selenium.test.cases.ExtentDemo -->
