<?xml version="1.0" encoding="UTF-8"?>
<!-- Generated by org.testng.reporters.JUnitReportReporter -->
<testsuite hostname="Abdou-PC" name="com.selenium.testCasesMethods.TestCasesMethodWithBeforAfterMethod" tests="2" failures="0" timestamp="12 Jun 2020 14:07:10 GMT" time="112.322" errors="0">
  <testcase name="loginTest" time="68.646" classname="com.selenium.testCasesMethods.TestCasesMethodWithBeforAfterMethod"/>
  <testcase name="getTitleTest" time="43.676" classname="com.selenium.testCasesMethods.TestCasesMethodWithBeforAfterMethod"/>
</testsuite> <!-- com.selenium.testCasesMethods.TestCasesMethodWithBeforAfterMethod -->
