<?xml version="1.0" encoding="UTF-8"?>
<!-- Generated by org.testng.reporters.JUnitReportReporter -->
<testsuite hostname="Abdou-PC" name="com.selenium.xml.LoginPage" tests="1" failures="0" timestamp="14 Jun 2020 22:29:35 GMT" time="149.901" errors="0">
  <testcase name="loginTest" time="149.901" classname="com.selenium.xml.LoginPage"/>
</testsuite> <!-- com.selenium.xml.LoginPage -->
