<?xml version="1.0" encoding="UTF-8"?>
<!-- Generated by org.testng.reporters.JUnitReportReporter -->
<testsuite hostname="Abdou-PC" name="com.selenium.testCasesMethods.TestCasesMethodWithBeforAfterClass" tests="2" failures="0" timestamp="14 Jun 2020 17:58:42 GMT" time="95.031" errors="0">
  <testcase name="loginTest" time="30.626" classname="com.selenium.testCasesMethods.TestCasesMethodWithBeforAfterClass"/>
  <testcase name="getTitleTest" time="64.405" classname="com.selenium.testCasesMethods.TestCasesMethodWithBeforAfterClass"/>
</testsuite> <!-- com.selenium.testCasesMethods.TestCasesMethodWithBeforAfterClass -->
