<?xml version="1.0" encoding="UTF-8"?>
<!-- Generated by org.testng.reporters.JUnitReportReporter -->
<testsuite hostname="Abdou-PC" name="com.selenium.xml.HomePage" tests="2" failures="0" timestamp="14 Jun 2020 22:29:36 GMT" time="231.197" errors="0">
  <testcase name="getUrlTest" time="111.929" classname="com.selenium.xml.HomePage"/>
  <testcase name="checkButtonTest" time="119.268" classname="com.selenium.xml.HomePage"/>
</testsuite> <!-- com.selenium.xml.HomePage -->
