<?xml version="1.0" encoding="UTF-8"?>
<!-- Generated by org.testng.reporters.JUnitReportReporter -->
<testsuite hostname="Abdou-PC" name="com.selenium.testCasesMethods.TestCasesMethodWithPriority" tests="2" failures="0" timestamp="12 Jun 2020 11:31:21 GMT" time="29.814" errors="0">
  <testcase name="getTitle" time="11.857" classname="com.selenium.testCasesMethods.TestCasesMethodWithPriority"/>
  <testcase name="loginTest" time="17.957" classname="com.selenium.testCasesMethods.TestCasesMethodWithPriority"/>
</testsuite> <!-- com.selenium.testCasesMethods.TestCasesMethodWithPriority -->
