<?xml version="1.0" encoding="UTF-8"?>
<!-- Generated by org.testng.reporters.JUnitReportReporter -->
<testsuite hostname="Abdou-PC" name="com.selenium.testCasesMethods.TestCasesSoftAssert" tests="3" failures="0" timestamp="12 Jun 2020 23:22:26 GMT" time="47.889" errors="0">
  <testcase name="checkButtonTest" time="10.523" classname="com.selenium.testCasesMethods.TestCasesSoftAssert"/>
  <testcase name="getUrlTest" time="10.901" classname="com.selenium.testCasesMethods.TestCasesSoftAssert"/>
  <testcase name="loginTest" time="26.465" classname="com.selenium.testCasesMethods.TestCasesSoftAssert"/>
</testsuite> <!-- com.selenium.testCasesMethods.TestCasesSoftAssert -->
